\BOOKMARK [1][]{section.1}{\376\377\000M\000o\000t\000i\000v\000a\000t\000i\000o\000n}{}% 1
\BOOKMARK [1][]{section.2}{\376\377\000D\000a\000t\000a\000s\000e\000t\000\040\000d\000e\000s\000c\000r\000i\000p\000t\000i\000o\000n\000\040\000a\000n\000d\000\040\000d\000e\000m\000o\000g\000r\000a\000p\000h\000i\000c\000s}{}% 2
\BOOKMARK [2][]{subsection.2.1}{\376\377\000D\000a\000t\000a\000\040\000p\000r\000e\000p\000a\000r\000a\000t\000i\000o\000n}{section.2}% 3
\BOOKMARK [1][]{section.3}{\376\377\000M\000e\000t\000h\000o\000d\000s}{}% 4
\BOOKMARK [2][]{subsection.3.1}{\376\377\000B\000a\000l\000a\000n\000c\000i\000n\000g\000\040\000t\000h\000e\000\040\000d\000a\000t\000a\000s\000e\000t}{section.3}% 5
\BOOKMARK [2][]{subsection.3.2}{\376\377\000B\000a\000s\000e\000l\000i\000n\000e\000\040\000m\000o\000d\000e\000l\000\040\000d\000e\000t\000a\000i\000l\000s}{section.3}% 6
\BOOKMARK [2][]{subsection.3.3}{\376\377\000P\000r\000e\000t\000r\000a\000i\000n\000i\000n\000g\000\040\000m\000o\000d\000e\000l\000\040\000d\000e\000t\000a\000i\000l\000s}{section.3}% 7
\BOOKMARK [1][]{section.4}{\376\377\000R\000e\000s\000u\000l\000t\000s}{}% 8
\BOOKMARK [1][]{section.5}{\376\377\000D\000i\000s\000c\000u\000s\000s\000i\000o\000n}{}% 9
\BOOKMARK [1][]{section.6}{\376\377\000C\000o\000n\000c\000l\000u\000s\000i\000o\000n}{}% 10
\BOOKMARK [2][]{section*.2}{\376\377\000S\000u\000p\000p\000l\000e\000m\000e\000n\000t\000a\000r\000y\000\040\000i\000n\000f\000o\000r\000m\000a\000t\000i\000o\000n}{section.6}% 11
\BOOKMARK [3][]{section*.3}{\376\377\000A\000c\000k\000n\000o\000w\000l\000e\000d\000g\000m\000e\000n\000t\000s}{section*.2}% 12
\BOOKMARK [1][]{section.7}{\376\377\040\024\040\024\040\024\040\024\040\024\040\024\040\024\040\024\040\024\040\024\040\024\040\024\040\024\040\024\040\024\040\024\040\024\040\024\040\024}{}% 13
\BOOKMARK [1][]{section.8}{\376\377\000E\000q\000u\000a\000t\000i\000o\000n\000s}{}% 14
\BOOKMARK [1][]{section.9}{\376\377\000T\000a\000b\000l\000e\000s}{}% 15
\BOOKMARK [1][]{section.10}{\376\377\000F\000i\000g\000u\000r\000e\000s}{}% 16
\BOOKMARK [1][]{section.11}{\376\377\000A\000l\000g\000o\000r\000i\000t\000h\000m\000s\000,\000\040\000P\000r\000o\000g\000r\000a\000m\000\040\000c\000o\000d\000e\000s\000\040\000a\000n\000d\000\040\000L\000i\000s\000t\000i\000n\000g\000s}{}% 17
\BOOKMARK [1][]{section.12}{\376\377\000C\000r\000o\000s\000s\000\040\000r\000e\000f\000e\000r\000e\000n\000c\000i\000n\000g}{}% 18
\BOOKMARK [2][]{subsection.12.1}{\376\377\000D\000e\000t\000a\000i\000l\000s\000\040\000o\000n\000\040\000r\000e\000f\000e\000r\000e\000n\000c\000e\000\040\000c\000i\000t\000a\000t\000i\000o\000n\000s}{section.12}% 19
\BOOKMARK [1][]{section.13}{\376\377\000E\000x\000a\000m\000p\000l\000e\000s\000\040\000f\000o\000r\000\040\000t\000h\000e\000o\000r\000e\000m\000\040\000l\000i\000k\000e\000\040\000e\000n\000v\000i\000r\000o\000n\000m\000e\000n\000t\000s}{}% 20
\BOOKMARK [1][]{section.14}{\376\377\000M\000e\000t\000h\000o\000d\000s}{}% 21
\BOOKMARK [1][]{section.15}{\376\377\000D\000i\000s\000c\000u\000s\000s\000i\000o\000n}{}% 22
\BOOKMARK [1][]{section.16}{\376\377\000C\000o\000n\000c\000l\000u\000s\000i\000o\000n}{}% 23
\BOOKMARK [2][]{section*.5}{\376\377\000S\000u\000p\000p\000l\000e\000m\000e\000n\000t\000a\000r\000y\000\040\000i\000n\000f\000o\000r\000m\000a\000t\000i\000o\000n}{section.16}% 24
\BOOKMARK [3][]{section*.6}{\376\377\000A\000c\000k\000n\000o\000w\000l\000e\000d\000g\000m\000e\000n\000t\000s}{section*.5}% 25
\BOOKMARK [1][]{appendix.a.A}{\376\377\000S\000e\000c\000t\000i\000o\000n\000\040\000t\000i\000t\000l\000e\000\040\000o\000f\000\040\000f\000i\000r\000s\000t\000\040\000a\000p\000p\000e\000n\000d\000i\000x}{}% 26
